This is pdfTeX, Version 3.141592653-2.6-1.40.27 (MiKTeX 25.4) (preloaded format=pdflatex 2025.9.19)  19 SEP 2025 14:25
entering extended mode
 restricted \write18 enabled.
 %&-line parsing enabled.
**./main.tex
(main.tex
LaTeX2e <2025-06-01> patch level 1
L3 programming layer <2025-08-13>

(C:\Users\Francisco Tavares\AppData\Local\Programs\MiKTeX\tex/latex/base\book.c
ls
Document Class: book 2025/01/22 v1.4n Standard LaTeX document class

(C:\Users\Francisco Tavares\AppData\Local\Programs\MiKTeX\tex/latex/base\bk11.c
lo
File: bk11.clo 2025/01/22 v1.4n Standard LaTeX file (size option)
)
\c@part=\count275
\c@chapter=\count276
\c@section=\count277
\c@subsection=\count278
\c@subsubsection=\count279
\c@paragraph=\count280
\c@subparagraph=\count281
\c@figure=\count282
\c@table=\count283
\abovecaptionskip=\skip49
\belowcaptionskip=\skip50
\bibindent=\dimen148
)
(C:\Users\Francisco Tavares\AppData\Local\Programs\MiKTeX\tex/latex/xcolor\xcol
or.sty
Package: xcolor 2024/09/29 v3.02 LaTeX color extensions (UK)

(C:\Users\Francisco Tavares\AppData\Local\Programs\MiKTeX\tex/latex/graphics-cf
g\color.cfg
File: color.cfg 2016/01/02 v1.6 sample color configuration
)

Package xcolor Warning: Package option `usenames' is obsolete and ignored on in
put line 265.

Package xcolor Info: Driver file: pdftex.def on input line 274.

(C:\Users\Francisco Tavares\AppData\Local\Programs\MiKTeX\tex/latex/graphics-de
f\pdftex.def
File: pdftex.def 2024/04/13 v1.2c Graphics/color driver for pdftex
)
(C:\Users\Francisco Tavares\AppData\Local\Programs\MiKTeX\tex/latex/graphics\ma
thcolor.ltx)
Package xcolor Info: Model `cmy' substituted by `cmy0' on input line 1349.
Package xcolor Info: Model `hsb' substituted by `rgb' on input line 1353.
Package xcolor Info: Model `RGB' extended on input line 1365.
Package xcolor Info: Model `HTML' substituted by `rgb' on input line 1367.
Package xcolor Info: Model `Hsb' substituted by `hsb' on input line 1368.
Package xcolor Info: Model `tHsb' substituted by `hsb' on input line 1369.
Package xcolor Info: Model `HSB' substituted by `hsb' on input line 1370.
Package xcolor Info: Model `Gray' substituted by `gray' on input line 1371.
Package xcolor Info: Model `wave' substituted by `hsb' on input line 1372.
)
(C:\Users\Francisco Tavares\AppData\Local\Programs\MiKTeX\tex/latex/graphics\dv
ipsnam.def
File: dvipsnam.def 2016/06/17 v3.0m Driver-dependent file (DPC,SPQR)
)
(C:\Users\Francisco Tavares\AppData\Local\Programs\MiKTeX\tex/latex/base\inpute
nc.sty
Package: inputenc 2024/02/08 v1.3d Input encoding file
\inpenc@prehook=\toks17
\inpenc@posthook=\toks18
)
(C:\Users\Francisco Tavares\AppData\Local\Programs\MiKTeX\tex/latex/base\fonten
c.sty
Package: fontenc 2024/12/21 v2.1c Standard LaTeX package
)
(C:\Users\Francisco Tavares\AppData\Local\Programs\MiKTeX\tex/generic/babel\bab
el.sty
Package: babel 2025/08/03 v25.12 The multilingual framework for LuaLaTeX, pdfLa
TeX and XeLaTeX
\babel@savecnt=\count284
LaTeX Encoding Info:    Redeclaring text command \ij (encoding OT1) on input li
ne 2045.
LaTeX Encoding Info:    Redeclaring text command \IJ (encoding OT1) on input li
ne 2047.
LaTeX Encoding Info:    Redeclaring text command \ij (encoding T1) on input lin
e 2049.
LaTeX Encoding Info:    Redeclaring text command \IJ (encoding T1) on input lin
e 2050.
LaTeX Encoding Info:    Ignoring declaration for text command \ij (encoding ?) 
on input line 2051.
LaTeX Encoding Info:    Ignoring declaration for text command \IJ (encoding ?) 
on input line 2053.
LaTeX Encoding Info:    Ignoring declaration for text command \SS (encoding ?) 
on input line 2078.
\U@D=\dimen149
\l@unhyphenated=\language79

(C:\Users\Francisco Tavares\AppData\Local\Programs\MiKTeX\tex/generic/babel\txt
babel.def)
\bbl@readstream=\read2
\bbl@dirlevel=\count285

*************************************
* Local config file bblopts.cfg used
*

(C:\Users\Francisco Tavares\AppData\Local\Programs\MiKTeX\tex/latex/arabi\bblop
ts.cfg
File: bblopts.cfg 2005/09/08 v0.1 add Arabic and Farsi to "declared" options of
 babel
)
(C:\Users\Francisco Tavares\AppData\Local\Programs\MiKTeX\tex/latex/babel-portu
ges\portuguese.ldf
Language: portuges 2021/07/09 v1.2t Portuguese support from the babel system

(C:\Users\Francisco Tavares\AppData\Local\Programs\MiKTeX\tex/generic/babel/loc
ale/pt\babel-portuguese.tex
Package babel Info: Importing font and identification data for portuguese
(babel)             from babel-pt.ini. Reported on input line 12.
)
Package babel Info: Making " an active character on input line 143.
)
(C:\Users\Francisco Tavares\AppData\Local\Programs\MiKTeX\tex/latex/babel-engli
sh\english.ldf
Language: english 2017/06/06 v3.3r English support from the babel system

(C:\Users\Francisco Tavares\AppData\Local\Programs\MiKTeX\tex/generic/babel/loc
ale/en\babel-english.tex
Package babel Info: Importing font and identification data for english
(babel)             from babel-en.ini. Reported on input line 12.
)
Package babel Info: Hyphen rules for 'canadian' set to \l@english
(babel)             (\language0). Reported on input line 102.
Package babel Info: Hyphen rules for 'australian' set to \l@ukenglish
(babel)             (\language73). Reported on input line 105.
Package babel Info: Hyphen rules for 'newzealand' set to \l@ukenglish
(babel)             (\language73). Reported on input line 108.
))
(C:\Users\Francisco Tavares\AppData\Local\Programs\MiKTeX\tex/latex/todonotes\t
odonotes.sty
Package: todonotes 2024/01/05 v1.1.7 Todonotes source and documentation.
Package: todonotes 2024/01/05

(C:\Users\Francisco Tavares\AppData\Local\Programs\MiKTeX\tex/latex/base\ifthen
.sty
Package: ifthen 2024/03/16 v1.1e Standard LaTeX ifthen package (DPC)
)
(C:\Users\Francisco Tavares\AppData\Local\Programs\MiKTeX\tex/latex/xkeyval\xke
yval.sty
Package: xkeyval 2022/06/16 v2.9 package option processing (HA)

(C:\Users\Francisco Tavares\AppData\Local\Programs\MiKTeX\tex/generic/xkeyval\x
keyval.tex
(C:\Users\Francisco Tavares\AppData\Local\Programs\MiKTeX\tex/generic/xkeyval\x
kvutils.tex
\XKV@toks=\toks19
\XKV@tempa@toks=\toks20

(C:\Users\Francisco Tavares\AppData\Local\Programs\MiKTeX\tex/generic/xkeyval\k
eyval.tex))
\XKV@depth=\count286
File: xkeyval.tex 2014/12/03 v2.7a key=value parser (HA)
))
(C:\Users\Francisco Tavares\AppData\Local\Programs\MiKTeX\tex/latex/pgf/fronten
dlayer\tikz.sty
(C:\Users\Francisco Tavares\AppData\Local\Programs\MiKTeX\tex/latex/pgf/basicla
yer\pgf.sty
(C:\Users\Francisco Tavares\AppData\Local\Programs\MiKTeX\tex/latex/pgf/utiliti
es\pgfrcs.sty
(C:\Users\Francisco Tavares\AppData\Local\Programs\MiKTeX\tex/generic/pgf/utili
ties\pgfutil-common.tex
\pgfutil@everybye=\toks21
\pgfutil@tempdima=\dimen150
\pgfutil@tempdimb=\dimen151
)
(C:\Users\Francisco Tavares\AppData\Local\Programs\MiKTeX\tex/generic/pgf/utili
ties\pgfutil-latex.def
\pgfutil@abb=\box53
)
(C:\Users\Francisco Tavares\AppData\Local\Programs\MiKTeX\tex/generic/pgf/utili
ties\pgfrcs.code.tex
(C:\Users\Francisco Tavares\AppData\Local\Programs\MiKTeX\tex/generic/pgf\pgf.r
evision.tex)
Package: pgfrcs 2025-08-29 v3.1.11a (3.1.11a)
))
Package: pgf 2025-08-29 v3.1.11a (3.1.11a)

(C:\Users\Francisco Tavares\AppData\Local\Programs\MiKTeX\tex/latex/pgf/basicla
yer\pgfcore.sty
(C:\Users\Francisco Tavares\AppData\Local\Programs\MiKTeX\tex/latex/graphics\gr
aphicx.sty
Package: graphicx 2024/12/31 v1.2e Enhanced LaTeX Graphics (DPC,SPQR)

(C:\Users\Francisco Tavares\AppData\Local\Programs\MiKTeX\tex/latex/graphics\gr
aphics.sty
Package: graphics 2024/08/06 v1.4g Standard LaTeX Graphics (DPC,SPQR)

(C:\Users\Francisco Tavares\AppData\Local\Programs\MiKTeX\tex/latex/graphics\tr
ig.sty
Package: trig 2023/12/02 v1.11 sin cos tan (DPC)
)
(C:\Users\Francisco Tavares\AppData\Local\Programs\MiKTeX\tex/latex/graphics-cf
g\graphics.cfg
File: graphics.cfg 2016/06/04 v1.11 sample graphics configuration
)
Package graphics Info: Driver file: pdftex.def on input line 106.
)
\Gin@req@height=\dimen152
\Gin@req@width=\dimen153
)
(C:\Users\Francisco Tavares\AppData\Local\Programs\MiKTeX\tex/latex/pgf/systeml
ayer\pgfsys.sty
(C:\Users\Francisco Tavares\AppData\Local\Programs\MiKTeX\tex/generic/pgf/syste
mlayer\pgfsys.code.tex
Package: pgfsys 2025-08-29 v3.1.11a (3.1.11a)

(C:\Users\Francisco Tavares\AppData\Local\Programs\MiKTeX\tex/generic/pgf/utili
ties\pgfkeys.code.tex
\pgfkeys@pathtoks=\toks22
\pgfkeys@temptoks=\toks23

(C:\Users\Francisco Tavares\AppData\Local\Programs\MiKTeX\tex/generic/pgf/utili
ties\pgfkeyslibraryfiltered.code.tex
\pgfkeys@tmptoks=\toks24
))
\pgf@x=\dimen154
\pgf@y=\dimen155
\pgf@xa=\dimen156
\pgf@ya=\dimen157
\pgf@xb=\dimen158
\pgf@yb=\dimen159
\pgf@xc=\dimen160
\pgf@yc=\dimen161
\pgf@xd=\dimen162
\pgf@yd=\dimen163
\w@pgf@writea=\write3
\r@pgf@reada=\read3
\c@pgf@counta=\count287
\c@pgf@countb=\count288
\c@pgf@countc=\count289
\c@pgf@countd=\count290
\t@pgf@toka=\toks25
\t@pgf@tokb=\toks26
\t@pgf@tokc=\toks27
\pgf@sys@id@count=\count291

(C:\Users\Francisco Tavares\AppData\Local\Programs\MiKTeX\tex/generic/pgf/syste
mlayer\pgf.cfg
File: pgf.cfg 2025-08-29 v3.1.11a (3.1.11a)
)
Driver file for pgf: pgfsys-pdftex.def

(C:\Users\Francisco Tavares\AppData\Local\Programs\MiKTeX\tex/generic/pgf/syste
mlayer\pgfsys-pdftex.def
File: pgfsys-pdftex.def 2025-08-29 v3.1.11a (3.1.11a)

(C:\Users\Francisco Tavares\AppData\Local\Programs\MiKTeX\tex/generic/pgf/syste
mlayer\pgfsys-common-pdf.def
File: pgfsys-common-pdf.def 2025-08-29 v3.1.11a (3.1.11a)
)))
(C:\Users\Francisco Tavares\AppData\Local\Programs\MiKTeX\tex/generic/pgf/syste
mlayer\pgfsyssoftpath.code.tex
File: pgfsyssoftpath.code.tex 2025-08-29 v3.1.11a (3.1.11a)
\pgfsyssoftpath@smallbuffer@items=\count292
\pgfsyssoftpath@bigbuffer@items=\count293
)
(C:\Users\Francisco Tavares\AppData\Local\Programs\MiKTeX\tex/generic/pgf/syste
mlayer\pgfsysprotocol.code.tex
File: pgfsysprotocol.code.tex 2025-08-29 v3.1.11a (3.1.11a)
))
(C:\Users\Francisco Tavares\AppData\Local\Programs\MiKTeX\tex/generic/pgf/basic
layer\pgfcore.code.tex
Package: pgfcore 2025-08-29 v3.1.11a (3.1.11a)

(C:\Users\Francisco Tavares\AppData\Local\Programs\MiKTeX\tex/generic/pgf/math\
pgfmath.code.tex
(C:\Users\Francisco Tavares\AppData\Local\Programs\MiKTeX\tex/generic/pgf/math\
pgfmathutil.code.tex)
(C:\Users\Francisco Tavares\AppData\Local\Programs\MiKTeX\tex/generic/pgf/math\
pgfmathparser.code.tex
\pgfmath@dimen=\dimen164
\pgfmath@count=\count294
\pgfmath@box=\box54
\pgfmath@toks=\toks28
\pgfmath@stack@operand=\toks29
\pgfmath@stack@operation=\toks30
)
(C:\Users\Francisco Tavares\AppData\Local\Programs\MiKTeX\tex/generic/pgf/math\
pgfmathfunctions.code.tex)
(C:\Users\Francisco Tavares\AppData\Local\Programs\MiKTeX\tex/generic/pgf/math\
pgfmathfunctions.basic.code.tex)
(C:\Users\Francisco Tavares\AppData\Local\Programs\MiKTeX\tex/generic/pgf/math\
pgfmathfunctions.trigonometric.code.tex)
(C:\Users\Francisco Tavares\AppData\Local\Programs\MiKTeX\tex/generic/pgf/math\
pgfmathfunctions.random.code.tex)
(C:\Users\Francisco Tavares\AppData\Local\Programs\MiKTeX\tex/generic/pgf/math\
pgfmathfunctions.comparison.code.tex)
(C:\Users\Francisco Tavares\AppData\Local\Programs\MiKTeX\tex/generic/pgf/math\
pgfmathfunctions.base.code.tex)
(C:\Users\Francisco Tavares\AppData\Local\Programs\MiKTeX\tex/generic/pgf/math\
pgfmathfunctions.round.code.tex)
(C:\Users\Francisco Tavares\AppData\Local\Programs\MiKTeX\tex/generic/pgf/math\
pgfmathfunctions.misc.code.tex)
(C:\Users\Francisco Tavares\AppData\Local\Programs\MiKTeX\tex/generic/pgf/math\
pgfmathfunctions.integerarithmetics.code.tex)
(C:\Users\Francisco Tavares\AppData\Local\Programs\MiKTeX\tex/generic/pgf/math\
pgfmathcalc.code.tex)
(C:\Users\Francisco Tavares\AppData\Local\Programs\MiKTeX\tex/generic/pgf/math\
pgfmathfloat.code.tex
\c@pgfmathroundto@lastzeros=\count295
))
(C:\Users\Francisco Tavares\AppData\Local\Programs\MiKTeX\tex/generic/pgf/math\
pgfint.code.tex)
(C:\Users\Francisco Tavares\AppData\Local\Programs\MiKTeX\tex/generic/pgf/basic
layer\pgfcorepoints.code.tex
File: pgfcorepoints.code.tex 2025-08-29 v3.1.11a (3.1.11a)
\pgf@picminx=\dimen165
\pgf@picmaxx=\dimen166
\pgf@picminy=\dimen167
\pgf@picmaxy=\dimen168
\pgf@pathminx=\dimen169
\pgf@pathmaxx=\dimen170
\pgf@pathminy=\dimen171
\pgf@pathmaxy=\dimen172
\pgf@xx=\dimen173
\pgf@xy=\dimen174
\pgf@yx=\dimen175
\pgf@yy=\dimen176
\pgf@zx=\dimen177
\pgf@zy=\dimen178
)
(C:\Users\Francisco Tavares\AppData\Local\Programs\MiKTeX\tex/generic/pgf/basic
layer\pgfcorepathconstruct.code.tex
File: pgfcorepathconstruct.code.tex 2025-08-29 v3.1.11a (3.1.11a)
\pgf@path@lastx=\dimen179
\pgf@path@lasty=\dimen180
)
(C:\Users\Francisco Tavares\AppData\Local\Programs\MiKTeX\tex/generic/pgf/basic
layer\pgfcorepathusage.code.tex
File: pgfcorepathusage.code.tex 2025-08-29 v3.1.11a (3.1.11a)
\pgf@shorten@end@additional=\dimen181
\pgf@shorten@start@additional=\dimen182
)
(C:\Users\Francisco Tavares\AppData\Local\Programs\MiKTeX\tex/generic/pgf/basic
layer\pgfcorescopes.code.tex
File: pgfcorescopes.code.tex 2025-08-29 v3.1.11a (3.1.11a)
\pgfpic=\box55
\pgf@hbox=\box56
\pgf@layerbox@main=\box57
\pgf@picture@serial@count=\count296
)
(C:\Users\Francisco Tavares\AppData\Local\Programs\MiKTeX\tex/generic/pgf/basic
layer\pgfcoregraphicstate.code.tex
File: pgfcoregraphicstate.code.tex 2025-08-29 v3.1.11a (3.1.11a)
\pgflinewidth=\dimen183
)
(C:\Users\Francisco Tavares\AppData\Local\Programs\MiKTeX\tex/generic/pgf/basic
layer\pgfcoretransformations.code.tex
File: pgfcoretransformations.code.tex 2025-08-29 v3.1.11a (3.1.11a)
\pgf@pt@x=\dimen184
\pgf@pt@y=\dimen185
\pgf@pt@temp=\dimen186
)
(C:\Users\Francisco Tavares\AppData\Local\Programs\MiKTeX\tex/generic/pgf/basic
layer\pgfcorequick.code.tex
File: pgfcorequick.code.tex 2025-08-29 v3.1.11a (3.1.11a)
)
(C:\Users\Francisco Tavares\AppData\Local\Programs\MiKTeX\tex/generic/pgf/basic
layer\pgfcoreobjects.code.tex
File: pgfcoreobjects.code.tex 2025-08-29 v3.1.11a (3.1.11a)
)
(C:\Users\Francisco Tavares\AppData\Local\Programs\MiKTeX\tex/generic/pgf/basic
layer\pgfcorepathprocessing.code.tex
File: pgfcorepathprocessing.code.tex 2025-08-29 v3.1.11a (3.1.11a)
)
(C:\Users\Francisco Tavares\AppData\Local\Programs\MiKTeX\tex/generic/pgf/basic
layer\pgfcorearrows.code.tex
File: pgfcorearrows.code.tex 2025-08-29 v3.1.11a (3.1.11a)
\pgfarrowsep=\dimen187
)
(C:\Users\Francisco Tavares\AppData\Local\Programs\MiKTeX\tex/generic/pgf/basic
layer\pgfcoreshade.code.tex
File: pgfcoreshade.code.tex 2025-08-29 v3.1.11a (3.1.11a)
\pgf@max=\dimen188
\pgf@sys@shading@range@num=\count297
\pgf@shadingcount=\count298
)
(C:\Users\Francisco Tavares\AppData\Local\Programs\MiKTeX\tex/generic/pgf/basic
layer\pgfcoreimage.code.tex
File: pgfcoreimage.code.tex 2025-08-29 v3.1.11a (3.1.11a)
)
(C:\Users\Francisco Tavares\AppData\Local\Programs\MiKTeX\tex/generic/pgf/basic
layer\pgfcoreexternal.code.tex
File: pgfcoreexternal.code.tex 2025-08-29 v3.1.11a (3.1.11a)
\pgfexternal@startupbox=\box58
)
(C:\Users\Francisco Tavares\AppData\Local\Programs\MiKTeX\tex/generic/pgf/basic
layer\pgfcorelayers.code.tex
File: pgfcorelayers.code.tex 2025-08-29 v3.1.11a (3.1.11a)
)
(C:\Users\Francisco Tavares\AppData\Local\Programs\MiKTeX\tex/generic/pgf/basic
layer\pgfcoretransparency.code.tex
File: pgfcoretransparency.code.tex 2025-08-29 v3.1.11a (3.1.11a)
)
(C:\Users\Francisco Tavares\AppData\Local\Programs\MiKTeX\tex/generic/pgf/basic
layer\pgfcorepatterns.code.tex
File: pgfcorepatterns.code.tex 2025-08-29 v3.1.11a (3.1.11a)
)
(C:\Users\Francisco Tavares\AppData\Local\Programs\MiKTeX\tex/generic/pgf/basic
layer\pgfcorerdf.code.tex
File: pgfcorerdf.code.tex 2025-08-29 v3.1.11a (3.1.11a)
)))
(C:\Users\Francisco Tavares\AppData\Local\Programs\MiKTeX\tex/generic/pgf/modul
es\pgfmoduleshapes.code.tex
File: pgfmoduleshapes.code.tex 2025-08-29 v3.1.11a (3.1.11a)
\pgfnodeparttextbox=\box59
)
(C:\Users\Francisco Tavares\AppData\Local\Programs\MiKTeX\tex/generic/pgf/modul
es\pgfmoduleplot.code.tex
File: pgfmoduleplot.code.tex 2025-08-29 v3.1.11a (3.1.11a)
)
(C:\Users\Francisco Tavares\AppData\Local\Programs\MiKTeX\tex/latex/pgf/compati
bility\pgfcomp-version-0-65.sty
Package: pgfcomp-version-0-65 2025-08-29 v3.1.11a (3.1.11a)
\pgf@nodesepstart=\dimen189
\pgf@nodesepend=\dimen190
)
(C:\Users\Francisco Tavares\AppData\Local\Programs\MiKTeX\tex/latex/pgf/compati
bility\pgfcomp-version-1-18.sty
Package: pgfcomp-version-1-18 2025-08-29 v3.1.11a (3.1.11a)
))
(C:\Users\Francisco Tavares\AppData\Local\Programs\MiKTeX\tex/latex/pgf/utiliti
es\pgffor.sty
(C:\Users\Francisco Tavares\AppData\Local\Programs\MiKTeX\tex/latex/pgf/utiliti
es\pgfkeys.sty
(C:\Users\Francisco Tavares\AppData\Local\Programs\MiKTeX\tex/generic/pgf/utili
ties\pgfkeys.code.tex))
(C:\Users\Francisco Tavares\AppData\Local\Programs\MiKTeX\tex/latex/pgf/math\pg
fmath.sty
(C:\Users\Francisco Tavares\AppData\Local\Programs\MiKTeX\tex/generic/pgf/math\
pgfmath.code.tex))
(C:\Users\Francisco Tavares\AppData\Local\Programs\MiKTeX\tex/generic/pgf/utili
ties\pgffor.code.tex
Package: pgffor 2025-08-29 v3.1.11a (3.1.11a)
\pgffor@iter=\dimen191
\pgffor@skip=\dimen192
\pgffor@stack=\toks31
\pgffor@toks=\toks32
))
(C:\Users\Francisco Tavares\AppData\Local\Programs\MiKTeX\tex/generic/pgf/front
endlayer/tikz\tikz.code.tex
Package: tikz 2025-08-29 v3.1.11a (3.1.11a)

(C:\Users\Francisco Tavares\AppData\Local\Programs\MiKTeX\tex/generic/pgf/libra
ries\pgflibraryplothandlers.code.tex
File: pgflibraryplothandlers.code.tex 2025-08-29 v3.1.11a (3.1.11a)
\pgf@plot@mark@count=\count299
\pgfplotmarksize=\dimen193
)
\tikz@lastx=\dimen194
\tikz@lasty=\dimen195
\tikz@lastxsaved=\dimen196
\tikz@lastysaved=\dimen197
\tikz@lastmovetox=\dimen198
\tikz@lastmovetoy=\dimen199
\tikzleveldistance=\dimen256
\tikzsiblingdistance=\dimen257
\tikz@figbox=\box60
\tikz@figbox@bg=\box61
\tikz@tempbox=\box62
\tikz@tempbox@bg=\box63
\tikztreelevel=\count300
\tikznumberofchildren=\count301
\tikznumberofcurrentchild=\count302
\tikz@fig@count=\count303

(C:\Users\Francisco Tavares\AppData\Local\Programs\MiKTeX\tex/generic/pgf/modul
es\pgfmodulematrix.code.tex
File: pgfmodulematrix.code.tex 2025-08-29 v3.1.11a (3.1.11a)
\pgfmatrixcurrentrow=\count304
\pgfmatrixcurrentcolumn=\count305
\pgf@matrix@numberofcolumns=\count306
)
\tikz@expandcount=\count307

(C:\Users\Francisco Tavares\AppData\Local\Programs\MiKTeX\tex/generic/pgf/front
endlayer/tikz/libraries\tikzlibrarytopaths.code.tex
File: tikzlibrarytopaths.code.tex 2025-08-29 v3.1.11a (3.1.11a)
)))
(C:\Users\Francisco Tavares\AppData\Local\Programs\MiKTeX\tex/generic/pgf/front
endlayer/tikz/libraries\tikzlibrarypositioning.code.tex
File: tikzlibrarypositioning.code.tex 2025-08-29 v3.1.11a (3.1.11a)
)
(C:\Users\Francisco Tavares\AppData\Local\Programs\MiKTeX\tex/latex/tools\calc.
sty
Package: calc 2025/03/01 v4.3b Infix arithmetic (KKT,FJ)
\calc@Acount=\count308
\calc@Bcount=\count309
\calc@Adimen=\dimen258
\calc@Bdimen=\dimen259
\calc@Askip=\skip51
\calc@Bskip=\skip52
LaTeX Info: Redefining \setlength on input line 86.
LaTeX Info: Redefining \addtolength on input line 87.
\calc@Ccount=\count310
\calc@Cskip=\skip53
)
\c@@todonotes@numberoftodonotes=\count311
)
(C:\Users\Francisco Tavares\AppData\Local\Programs\MiKTeX\tex/latex/acronym\acr
onym.sty
Package: acronym 2025/01/17 v1.50 Support for acronyms (Tobias Oetiker)

(C:\Users\Francisco Tavares\AppData\Local\Programs\MiKTeX\tex/latex/bigfoot\suf
fix.sty
Package: suffix 2006/07/15 1.5a Variant command support
)
(C:\Users\Francisco Tavares\AppData\Local\Programs\MiKTeX\tex/latex/xstring\xst
ring.sty
(C:\Users\Francisco Tavares\AppData\Local\Programs\MiKTeX\tex/generic/xstring\x
string.tex
\xs_counta=\count312
\xs_countb=\count313
)
Package: xstring 2023/08/22 v1.86 String manipulations (CT)
)
\AC@clearlist=\toks33
)
(C:\Users\Francisco Tavares\AppData\Local\Programs\MiKTeX\tex/latex/base\textco
mp.sty
Package: textcomp 2024/04/24 v2.1b Standard LaTeX package
)
(C:\Users\Francisco Tavares\AppData\Local\Programs\MiKTeX\tex/latex/titlesec\ti
tlesec.sty
Package: titlesec 2025/01/04 v2.17 Sectioning titles
\ttl@box=\box64
\beforetitleunit=\skip54
\aftertitleunit=\skip55
\ttl@plus=\dimen260
\ttl@minus=\dimen261
\ttl@toksa=\toks34
\titlewidth=\dimen262
\titlewidthlast=\dimen263
\titlewidthfirst=\dimen264
)
(C:\Users\Francisco Tavares\AppData\Local\Programs\MiKTeX\tex/latex/geometry\ge
ometry.sty
Package: geometry 2020/01/02 v5.9 Page Geometry

(C:\Users\Francisco Tavares\AppData\Local\Programs\MiKTeX\tex/generic/iftex\ifv
tex.sty
Package: ifvtex 2019/10/25 v1.7 ifvtex legacy package. Use iftex instead.

(C:\Users\Francisco Tavares\AppData\Local\Programs\MiKTeX\tex/generic/iftex\ift
ex.sty
Package: iftex 2024/12/12 v1.0g TeX engine tests
))
\Gm@cnth=\count314
\Gm@cntv=\count315
\c@Gm@tempcnt=\count316
\Gm@bindingoffset=\dimen265
\Gm@wd@mp=\dimen266
\Gm@odd@mp=\dimen267
\Gm@even@mp=\dimen268
\Gm@layoutwidth=\dimen269
\Gm@layoutheight=\dimen270
\Gm@layouthoffset=\dimen271
\Gm@layoutvoffset=\dimen272
\Gm@dimlist=\toks35

(C:\Users\Francisco Tavares\AppData\Local\Programs\MiKTeX\tex/latex/geometry\ge
ometry.cfg))
(C:\Users\Francisco Tavares\AppData\Local\Programs\MiKTeX\tex/latex/tocbibind\t
ocbibind.sty
Package: tocbibind 2010/10/13 v1.5k extra ToC listings
Package tocbibind Info: The document has chapter divisions on input line 50.


Package tocbibind Note: Using chapter style headings, unless overridden.

)
(C:\Users\Francisco Tavares\AppData\Local\Programs\MiKTeX\tex/latex/multirow\mu
ltirow.sty
Package: multirow 2024/11/12 v2.9 Span multiple rows of a table
\multirow@colwidth=\skip56
\multirow@cntb=\count317
\multirow@dima=\skip57
\bigstrutjot=\dimen273
)
(C:\Users\Francisco Tavares\AppData\Local\Programs\MiKTeX\tex/latex/makecell\ma
kecell.sty
Package: makecell 2009/08/03 V0.1e Managing of Tab Column Heads and Cells

(C:\Users\Francisco Tavares\AppData\Local\Programs\MiKTeX\tex/latex/tools\array
.sty
Package: array 2025/06/08 v2.6j Tabular extension package (FMi)
\col@sep=\dimen274
\ar@mcellbox=\box65
\extrarowheight=\dimen275
\NC@list=\toks36
\extratabsurround=\skip58
\backup@length=\skip59
\ar@cellbox=\box66
)
\rotheadsize=\dimen276
\c@nlinenum=\count318
\TeXr@lab=\toks37
)
(C:\Users\Francisco Tavares\AppData\Local\Programs\MiKTeX\tex/latex/psnfss\pifo
nt.sty
Package: pifont 2020/03/25 PSNFSS-v9.3 Pi font support (SPQR) 
LaTeX Font Info:    Trying to load font information for U+pzd on input line 63.


(C:\Users\Francisco Tavares\AppData\Local\Programs\MiKTeX\tex/latex/psnfss\upzd
.fd
File: upzd.fd 2001/06/04 font definitions for U/pzd.
)
LaTeX Font Info:    Trying to load font information for U+psy on input line 64.


(C:\Users\Francisco Tavares\AppData\Local\Programs\MiKTeX\tex/latex/psnfss\upsy
.fd
File: upsy.fd 2001/06/04 font definitions for U/psy.
))
(C:\Users\Francisco Tavares\AppData\Local\Programs\MiKTeX\tex/latex/graphics\ro
tating.sty
Package: rotating 2025/01/14 v2.16e rotated objects in LaTeX
\c@r@tfl@t=\count319
\rotFPtop=\skip60
\rotFPbot=\skip61
\rot@float@box=\box67
\rot@mess@toks=\toks38
)
(C:\Users\Francisco Tavares\AppData\Local\Programs\MiKTeX\tex/latex/placeins\pl
aceins.sty
Package: placeins 2005/04/18  v 2.2
)
(C:\Users\Francisco Tavares\AppData\Local\Programs\MiKTeX\tex/latex/caption\cap
tion.sty
Package: caption 2023/08/05 v3.6o Customizing captions (AR)

(C:\Users\Francisco Tavares\AppData\Local\Programs\MiKTeX\tex/latex/caption\cap
tion3.sty
Package: caption3 2023/07/31 v2.4d caption3 kernel (AR)
\caption@tempdima=\dimen277
\captionmargin=\dimen278
\caption@leftmargin=\dimen279
\caption@rightmargin=\dimen280
\caption@width=\dimen281
\caption@indent=\dimen282
\caption@parindent=\dimen283
\caption@hangindent=\dimen284
Package caption Info: Standard document class detected.
)
\c@caption@flags=\count320
\c@continuedfloat=\count321
Package caption Info: rotating package is loaded.
)
(C:\Users\Francisco Tavares\AppData\Local\Programs\MiKTeX\tex/latex/caption\sub
caption.sty
Package: subcaption 2023/07/28 v1.6b Sub-captions (AR)
Package caption Info: New subtype `subfigure' on input line 238.
\c@subfigure=\count322
Package caption Info: New subtype `subtable' on input line 238.
\c@subtable=\count323
)
(C:\Users\Francisco Tavares\AppData\Local\Programs\MiKTeX\tex/latex/appendix\ap
pendix.sty
Package: appendix 2020/02/08 v1.2c extra appendix facilities
\c@@pps=\count324
\c@@ppsavesec=\count325
\c@@ppsaveapp=\count326
)
(C:\Users\Francisco Tavares\AppData\Local\Programs\MiKTeX\tex/latex/pdfpages\pd
fpages.sty
Package: pdfpages 2025/07/23 v0.6g Insert pages of external PDF documents (AM)

(C:\Users\Francisco Tavares\AppData\Local\Programs\MiKTeX\tex/latex/eso-pic\eso
-pic.sty
Package: eso-pic 2023/05/03 v3.0c eso-pic (RN)
\ESO@tempdima=\dimen285
\ESO@tempdimb=\dimen286
)
(C:\Users\Francisco Tavares\AppData\Local\Programs\MiKTeX\tex/latex/etoolbox\et
oolbox.sty
Package: etoolbox 2025/02/11 v2.5l e-TeX tools for LaTeX (JAW)
\etb@tempcnta=\count327
)
\AM@pagewidth=\dimen287
\AM@pageheight=\dimen288
\AM@fboxrule=\dimen289

(C:\Users\Francisco Tavares\AppData\Local\Programs\MiKTeX\tex/latex/pdfpages\pp
pdftex.def
File: pppdftex.def 2025/07/23 v0.6g Pdfpages driver for pdfTeX (AM)
)
\pdfpages@includegraphics@status=\count328
\AM@pagebox=\box68
\AM@global@opts=\toks39
\AM@pagecnt=\count329
\AM@toc@title=\toks40
\AM@lof@heading=\toks41
\c@AM@survey=\count330
\AM@templatesizebox=\box69
)
(C:\Users\Francisco Tavares\AppData\Local\Programs\MiKTeX\tex/latex/url\url.sty
\Urlmuskip=\muskip17
Package: url 2013/09/16  ver 3.4  Verb mode for urls, etc.
)
(C:\Users\Francisco Tavares\AppData\Local\Programs\MiKTeX\tex/latex/hyperref\hy
perref.sty
Package: hyperref 2025-07-12 v7.01o Hypertext links for LaTeX

(C:\Users\Francisco Tavares\AppData\Local\Programs\MiKTeX\tex/latex/kvsetkeys\k
vsetkeys.sty
Package: kvsetkeys 2022-10-05 v1.19 Key value parser (HO)
)
(C:\Users\Francisco Tavares\AppData\Local\Programs\MiKTeX\tex/generic/kvdefinek
eys\kvdefinekeys.sty
Package: kvdefinekeys 2019-12-19 v1.6 Define keys (HO)
)
(C:\Users\Francisco Tavares\AppData\Local\Programs\MiKTeX\tex/generic/pdfescape
\pdfescape.sty
Package: pdfescape 2019/12/09 v1.15 Implements pdfTeX's escape features (HO)

(C:\Users\Francisco Tavares\AppData\Local\Programs\MiKTeX\tex/generic/ltxcmds\l
txcmds.sty
Package: ltxcmds 2023-12-04 v1.26 LaTeX kernel commands for general use (HO)
)
(C:\Users\Francisco Tavares\AppData\Local\Programs\MiKTeX\tex/generic/pdftexcmd
s\pdftexcmds.sty
Package: pdftexcmds 2020-06-27 v0.33 Utility functions of pdfTeX for LuaTeX (HO
)

(C:\Users\Francisco Tavares\AppData\Local\Programs\MiKTeX\tex/generic/infwarerr
\infwarerr.sty
Package: infwarerr 2019/12/03 v1.5 Providing info/warning/error messages (HO)
)
Package pdftexcmds Info: \pdf@primitive is available.
Package pdftexcmds Info: \pdf@ifprimitive is available.
Package pdftexcmds Info: \pdfdraftmode found.
))
(C:\Users\Francisco Tavares\AppData\Local\Programs\MiKTeX\tex/latex/hycolor\hyc
olor.sty
Package: hycolor 2020-01-27 v1.10 Color options for hyperref/bookmark (HO)
)
(C:\Users\Francisco Tavares\AppData\Local\Programs\MiKTeX\tex/latex/hyperref\na
meref.sty
Package: nameref 2025-06-21 v2.57 Cross-referencing by name of section

(C:\Users\Francisco Tavares\AppData\Local\Programs\MiKTeX\tex/latex/refcount\re
fcount.sty
Package: refcount 2019/12/15 v3.6 Data extraction from label references (HO)
)
(C:\Users\Francisco Tavares\AppData\Local\Programs\MiKTeX\tex/generic/gettitles
tring\gettitlestring.sty
Package: gettitlestring 2019/12/15 v1.6 Cleanup title references (HO)

(C:\Users\Francisco Tavares\AppData\Local\Programs\MiKTeX\tex/latex/kvoptions\k
voptions.sty
Package: kvoptions 2022-06-15 v3.15 Key value format for package options (HO)
))
\c@section@level=\count331
)
(C:\Users\Francisco Tavares\AppData\Local\Programs\MiKTeX\tex/generic/stringenc
\stringenc.sty
Package: stringenc 2019/11/29 v1.12 Convert strings between diff. encodings (HO
)
)
\@linkdim=\dimen290
\Hy@linkcounter=\count332
\Hy@pagecounter=\count333

(C:\Users\Francisco Tavares\AppData\Local\Programs\MiKTeX\tex/latex/hyperref\pd
1enc.def
File: pd1enc.def 2025-07-12 v7.01o Hyperref: PDFDocEncoding definition (HO)
Now handling font encoding PD1 ...
... no UTF-8 mapping file for font encoding PD1
)
(C:\Users\Francisco Tavares\AppData\Local\Programs\MiKTeX\tex/generic/intcalc\i
ntcalc.sty
Package: intcalc 2019/12/15 v1.3 Expandable calculations with integers (HO)
)
\Hy@SavedSpaceFactor=\count334

(C:\Users\Francisco Tavares\AppData\Local\Programs\MiKTeX\tex/latex/hyperref\pu
enc.def
File: puenc.def 2025-07-12 v7.01o Hyperref: PDF Unicode definition (HO)
Now handling font encoding PU ...
... no UTF-8 mapping file for font encoding PU
)
Package hyperref Info: Option `colorlinks' set `true' on input line 4066.
Package hyperref Info: Option `bookmarks' set `true' on input line 4066.
Package hyperref Info: Option `bookmarksopen' set `true' on input line 4066.
Package hyperref Info: Option `bookmarksnumbered' set `true' on input line 4066
.
Package hyperref Info: Option `hyperfootnotes' set `true' on input line 4066.
Package hyperref Info: Option `plainpages' set `false' on input line 4066.
Package hyperref Info: Option `pdfpagelabels' set `true' on input line 4066.
Package hyperref Info: Hyper figures OFF on input line 4195.
Package hyperref Info: Link nesting OFF on input line 4200.
Package hyperref Info: Hyper index ON on input line 4203.
Package hyperref Info: Plain pages OFF on input line 4210.
Package hyperref Info: Backreferencing OFF on input line 4215.
Package hyperref Info: Implicit mode ON; LaTeX internals redefined.
Package hyperref Info: Bookmarks ON on input line 4462.
\c@Hy@tempcnt=\count335
LaTeX Info: Redefining \url on input line 4801.
\XeTeXLinkMargin=\dimen291

(C:\Users\Francisco Tavares\AppData\Local\Programs\MiKTeX\tex/generic/bitset\bi
tset.sty
Package: bitset 2019/12/09 v1.3 Handle bit-vector datatype (HO)

(C:\Users\Francisco Tavares\AppData\Local\Programs\MiKTeX\tex/generic/bigintcal
c\bigintcalc.sty
Package: bigintcalc 2019/12/15 v1.5 Expandable calculations on big integers (HO
)
))
\Fld@menulength=\count336
\Field@Width=\dimen292
\Fld@charsize=\dimen293
Package hyperref Info: Hyper figures OFF on input line 6078.
Package hyperref Info: Link nesting OFF on input line 6083.
Package hyperref Info: Hyper index ON on input line 6086.
Package hyperref Info: backreferencing OFF on input line 6093.
Package hyperref Info: Link coloring ON on input line 6096.
Package hyperref Info: Link coloring with OCG OFF on input line 6103.
Package hyperref Info: PDF/A mode OFF on input line 6108.
\Hy@abspage=\count337
\c@Item=\count338
\c@Hfootnote=\count339
)
Package hyperref Info: Driver (autodetected): hpdftex.

(C:\Users\Francisco Tavares\AppData\Local\Programs\MiKTeX\tex/latex/hyperref\hp
dftex.def
File: hpdftex.def 2025-07-12 v7.01o Hyperref driver for pdfTeX
\Fld@listcount=\count340
\c@bookmark@seq@number=\count341

(C:\Users\Francisco Tavares\AppData\Local\Programs\MiKTeX\tex/latex/rerunfilech
eck\rerunfilecheck.sty
Package: rerunfilecheck 2025-06-21 v1.11 Rerun checks for auxiliary files (HO)

(C:\Users\Francisco Tavares\AppData\Local\Programs\MiKTeX\tex/generic/uniquecou
nter\uniquecounter.sty
Package: uniquecounter 2019/12/15 v1.4 Provide unlimited unique counter (HO)
)
Package uniquecounter Info: New unique counter `rerunfilecheck' on input line 2
84.
)
\Hy@SectionHShift=\skip62
)
(C:\Users\Francisco Tavares\AppData\Local\Programs\MiKTeX\tex/latex/epigraph\ep
igraph.sty
Package: epigraph 2020/01/02 v1.5e typesetting epigraphs

(C:\Users\Francisco Tavares\AppData\Local\Programs\MiKTeX\tex/latex/nextpage\ne
xtpage.sty
Package: nextpage 2009/09/03 v1.1a additional page commands
)
\beforeepigraphskip=\skip63
\afterepigraphskip=\skip64
\epigraphwidth=\skip65
\epigraphrule=\skip66
)
(C:\Users\Francisco Tavares\AppData\Local\Programs\MiKTeX\tex/latex/float\float
.sty
Package: float 2001/11/08 v1.3d Float enhancements (AL)
\c@float@type=\count342
\float@exts=\toks42
\float@box=\box70
\@float@everytoks=\toks43
\@floatcapt=\box71
)
(C:\Users\Francisco Tavares\AppData\Local\Programs\MiKTeX\tex/latex/arydshln\ar
ydshln.sty
Package: arydshln 2019/02/21 v1.76 
\dashlinedash=\dimen294
\dashlinegap=\dimen295
\adl@box=\box72
\adl@height=\dimen296
\adl@heightsave=\dimen297
\adl@depth=\dimen298
\adl@depthsave=\dimen299
\adl@finaldepth=\dimen300
\adl@columns=\count343
\adl@ncol=\count344
\adl@currentcolumn=\count345
\adl@currentcolumnsave=\count346
\adl@totalheight=\count347
\adl@totalheightsave=\count348
\adl@dash=\count349
\adl@gap=\count350
\adl@cla=\count351
\adl@clb=\count352
\adl@everyvbox=\toks44
\adl@LTpagetotal=\dimen301
)
==> First Aid for arydshln.sty applied!

(C:\Users\Francisco Tavares\AppData\Local\Programs\MiKTeX\tex/latex/lipsum\lips
um.sty
(C:\Users\Francisco Tavares\AppData\Local\Programs\MiKTeX\tex/latex/l3packages/
l3keys2e\l3keys2e.sty
(C:\Users\Francisco Tavares\AppData\Local\Programs\MiKTeX\tex/latex/l3kernel\ex
pl3.sty
Package: expl3 2025-08-13 L3 programming layer (loader) 

(C:\Users\Francisco Tavares\AppData\Local\Programs\MiKTeX\tex/latex/l3backend\l
3backend-pdftex.def
File: l3backend-pdftex.def 2025-06-09 L3 backend support: PDF output (pdfTeX)
\l__color_backend_stack_int=\count353
))
Package: l3keys2e 2024-08-16 LaTeX2e option processing using LaTeX3 keys
)
Package: lipsum 2021-09-20 v2.7 150 paragraphs of Lorem Ipsum dummy text
\g__lipsum_par_int=\count354
\l__lipsum_a_int=\count355
\l__lipsum_b_int=\count356

(C:\Users\Francisco Tavares\AppData\Local\Programs\MiKTeX\tex/latex/lipsum\lips
um.ltd.tex))
(C:\Users\Francisco Tavares\AppData\Local\Programs\MiKTeX\tex/latex/lm\lmodern.
sty
Package: lmodern 2015/05/01 v1.6.1 Latin Modern Fonts
LaTeX Font Info:    Overwriting symbol font `operators' in version `normal'
(Font)                  OT1/cmr/m/n --> OT1/lmr/m/n on input line 22.
LaTeX Font Info:    Overwriting symbol font `letters' in version `normal'
(Font)                  OML/cmm/m/it --> OML/lmm/m/it on input line 23.
LaTeX Font Info:    Overwriting symbol font `symbols' in version `normal'
(Font)                  OMS/cmsy/m/n --> OMS/lmsy/m/n on input line 24.
LaTeX Font Info:    Overwriting symbol font `largesymbols' in version `normal'
(Font)                  OMX/cmex/m/n --> OMX/lmex/m/n on input line 25.
LaTeX Font Info:    Overwriting symbol font `operators' in version `bold'
(Font)                  OT1/cmr/bx/n --> OT1/lmr/bx/n on input line 26.
LaTeX Font Info:    Overwriting symbol font `letters' in version `bold'
(Font)                  OML/cmm/b/it --> OML/lmm/b/it on input line 27.
LaTeX Font Info:    Overwriting symbol font `symbols' in version `bold'
(Font)                  OMS/cmsy/b/n --> OMS/lmsy/b/n on input line 28.
LaTeX Font Info:    Overwriting symbol font `largesymbols' in version `bold'
(Font)                  OMX/cmex/m/n --> OMX/lmex/m/n on input line 29.
LaTeX Font Info:    Overwriting math alphabet `\mathbf' in version `normal'
(Font)                  OT1/cmr/bx/n --> OT1/lmr/bx/n on input line 31.
LaTeX Font Info:    Overwriting math alphabet `\mathsf' in version `normal'
(Font)                  OT1/cmss/m/n --> OT1/lmss/m/n on input line 32.
LaTeX Font Info:    Overwriting math alphabet `\mathit' in version `normal'
(Font)                  OT1/cmr/m/it --> OT1/lmr/m/it on input line 33.
LaTeX Font Info:    Overwriting math alphabet `\mathtt' in version `normal'
(Font)                  OT1/cmtt/m/n --> OT1/lmtt/m/n on input line 34.
LaTeX Font Info:    Overwriting math alphabet `\mathbf' in version `bold'
(Font)                  OT1/cmr/bx/n --> OT1/lmr/bx/n on input line 35.
LaTeX Font Info:    Overwriting math alphabet `\mathsf' in version `bold'
(Font)                  OT1/cmss/bx/n --> OT1/lmss/bx/n on input line 36.
LaTeX Font Info:    Overwriting math alphabet `\mathit' in version `bold'
(Font)                  OT1/cmr/bx/it --> OT1/lmr/bx/it on input line 37.
LaTeX Font Info:    Overwriting math alphabet `\mathtt' in version `bold'
(Font)                  OT1/cmtt/m/n --> OT1/lmtt/m/n on input line 38.
)
(C:\Users\Francisco Tavares\AppData\Local\Programs\MiKTeX\tex/latex/tcolorbox\t
colorbox.sty
Package: tcolorbox 2025/09/09 version 6.8.0 text color boxes

(C:\Users\Francisco Tavares\AppData\Local\Programs\MiKTeX\tex/latex/tools\verba
tim.sty
Package: verbatim 2024-01-22 v1.5x LaTeX2e package for verbatim enhancements
\every@verbatim=\toks45
\verbatim@line=\toks46
\verbatim@in@stream=\read4
)
(C:\Users\Francisco Tavares\AppData\Local\Programs\MiKTeX\tex/latex/environ\env
iron.sty
Package: environ 2014/05/04 v0.3 A new way to define environments

(C:\Users\Francisco Tavares\AppData\Local\Programs\MiKTeX\tex/latex/trimspaces\
trimspaces.sty
Package: trimspaces 2009/09/17 v1.1 Trim spaces around a token list
)
\@envbody=\toks47
)
\tcb@titlebox=\box73
\tcb@upperbox=\box74
\tcb@lowerbox=\box75
\tcb@phantombox=\box76
\c@tcbbreakpart=\count357
\c@tcblayer=\count358
\c@tcolorbox@number=\count359
\l__tcobox_tmpa_box=\box77
\l__tcobox_tmpa_dim=\dimen302
\tcb@temp=\box78
\tcb@temp=\box79
\tcb@temp=\box80
\tcb@temp=\box81

(C:\Users\Francisco Tavares\AppData\Local\Programs\MiKTeX\tex/latex/tcolorbox\t
cbraster.code.tex
Library (tcolorbox): 'tcbraster.code.tex' version '6.8.0'
\c@tcbrastercolumn=\count360
\c@tcbrasterrow=\count361
\c@tcbrasternum=\count362
\c@tcbraster=\count363
)
(C:\Users\Francisco Tavares\AppData\Local\Programs\MiKTeX\tex/latex/tcolorbox\t
cbskins.code.tex
Library (tcolorbox): 'tcbskins.code.tex' version '6.8.0'

(C:\Users\Francisco Tavares\AppData\Local\Programs\MiKTeX\tex/latex/tikzfill\ti
kzfill.image.sty
Package: tikzfill.image 2023/08/08 v1.0.1 Image filling library for TikZ

(C:\Users\Francisco Tavares\AppData\Local\Programs\MiKTeX\tex/latex/tikzfill\ti
kzfill-common.sty
Package: tikzfill-common 2023/08/08 v1.0.1 Auxiliary code for tikzfill
)
(C:\Users\Francisco Tavares\AppData\Local\Programs\MiKTeX\tex/latex/tikzfill\ti
kzlibraryfill.image.code.tex
File: tikzlibraryfill.image.code.tex 2023/08/08 v1.0.1 Image filling library
\l__tikzfill_img_box=\box82
))
(C:\Users\Francisco Tavares\AppData\Local\Programs\MiKTeX\tex/latex/tcolorbox\t
cbskinsjigsaw.code.tex
Library (tcolorbox): 'tcbskinsjigsaw.code.tex' version '6.8.0'
))
(C:\Users\Francisco Tavares\AppData\Local\Programs\MiKTeX\tex/latex/tcolorbox\t
cbbreakable.code.tex
Library (tcolorbox): 'tcbbreakable.code.tex' version '6.8.0'

(C:\Users\Francisco Tavares\AppData\Local\Programs\MiKTeX\tex/latex/pdfcol\pdfc
ol.sty
Package: pdfcol 2022-09-21 v1.7 Handle new color stacks for pdfTeX (HO)
)
Package pdfcol Info: New color stack `tcb@breakable' = 1 on input line 23.
\tcb@testbox=\box83
\tcb@totalupperbox=\box84
\tcb@totallowerbox=\box85
)
(C:\Users\Francisco Tavares\AppData\Local\Programs\MiKTeX\tex/latex/tcolorbox\t
cbhooks.code.tex
Library (tcolorbox): 'tcbhooks.code.tex' version '6.8.0'
)
(C:\Users\Francisco Tavares\AppData\Local\Programs\MiKTeX\tex/latex/tcolorbox\t
cbtheorems.code.tex
Library (tcolorbox): 'tcbtheorems.code.tex' version '6.8.0'

(C:\Users\Francisco Tavares\AppData\Local\Programs\MiKTeX\tex/latex/amsmath\ams
math.sty
Package: amsmath 2025/06/16 v2.17y AMS math features
\@mathmargin=\skip67

For additional information on amsmath, use the `?' option.

(C:\Users\Francisco Tavares\AppData\Local\Programs\MiKTeX\tex/latex/amsmath\ams
text.sty
Package: amstext 2024/11/17 v2.01 AMS text

(C:\Users\Francisco Tavares\AppData\Local\Programs\MiKTeX\tex/latex/amsmath\ams
gen.sty
File: amsgen.sty 1999/11/30 v2.0 generic functions
\@emptytoks=\toks48
\ex@=\dimen303
))
(C:\Users\Francisco Tavares\AppData\Local\Programs\MiKTeX\tex/latex/amsmath\ams
bsy.sty
Package: amsbsy 1999/11/29 v1.2d Bold Symbols
\pmbraise@=\dimen304
)
(C:\Users\Francisco Tavares\AppData\Local\Programs\MiKTeX\tex/latex/amsmath\ams
opn.sty
Package: amsopn 2022/04/08 v2.04 operator names
)
\inf@bad=\count364
LaTeX Info: Redefining \frac on input line 233.
\uproot@=\count365
\leftroot@=\count366
LaTeX Info: Redefining \overline on input line 398.
LaTeX Info: Redefining \colon on input line 409.
\classnum@=\count367
\DOTSCASE@=\count368
LaTeX Info: Redefining \ldots on input line 495.
LaTeX Info: Redefining \dots on input line 498.
LaTeX Info: Redefining \cdots on input line 619.
\Mathstrutbox@=\box86
\strutbox@=\box87
LaTeX Info: Redefining \big on input line 721.
LaTeX Info: Redefining \Big on input line 722.
LaTeX Info: Redefining \bigg on input line 723.
LaTeX Info: Redefining \Bigg on input line 724.
\big@size=\dimen305
LaTeX Font Info:    Redeclaring font encoding OML on input line 742.
LaTeX Font Info:    Redeclaring font encoding OMS on input line 743.
\macc@depth=\count369
LaTeX Info: Redefining \bmod on input line 904.
LaTeX Info: Redefining \pmod on input line 909.
LaTeX Info: Redefining \smash on input line 939.
LaTeX Info: Redefining \relbar on input line 969.
LaTeX Info: Redefining \Relbar on input line 970.
\c@MaxMatrixCols=\count370
\dotsspace@=\muskip18
\c@parentequation=\count371
\dspbrk@lvl=\count372
\tag@help=\toks49
\row@=\count373
\column@=\count374
\maxfields@=\count375
\andhelp@=\toks50
\eqnshift@=\dimen306
\alignsep@=\dimen307
\tagshift@=\dimen308
\tagwidth@=\dimen309
\totwidth@=\dimen310
\lineht@=\dimen311
\@envbody=\toks51
\multlinegap=\skip68
\multlinetaggap=\skip69
\mathdisplay@stack=\toks52
LaTeX Info: Redefining \[ on input line 2949.
LaTeX Info: Redefining \] on input line 2950.
))
(C:\Users\Francisco Tavares\AppData\Local\Programs\MiKTeX\tex/latex/tcolorbox\t
cbfitting.code.tex
Library (tcolorbox): 'tcbfitting.code.tex' version '6.8.0'
\tcbfitdim=\dimen312
\tcb@lowerfitdim=\dimen313
\tcb@upperfitdim=\dimen314
\tcb@cur@hbadness=\count376
)
(C:\Users\Francisco Tavares\AppData\Local\Programs\MiKTeX\tex/latex/tcolorbox\t
cblistingsutf8.code.tex
Library (tcolorbox): 'tcblistingsutf8.code.tex' version '6.8.0'

(C:\Users\Francisco Tavares\AppData\Local\Programs\MiKTeX\tex/latex/tcolorbox\t
cblistings.code.tex
Library (tcolorbox): 'tcblistings.code.tex' version '6.8.0'

(C:\Users\Francisco Tavares\AppData\Local\Programs\MiKTeX\tex/latex/listings\li
stings.sty
\lst@mode=\count377
\lst@gtempboxa=\box88
\lst@token=\toks53
\lst@length=\count378
\lst@currlwidth=\dimen315
\lst@column=\count379
\lst@pos=\count380
\lst@lostspace=\dimen316
\lst@width=\dimen317
\lst@newlines=\count381
\lst@lineno=\count382
\lst@maxwidth=\dimen318

(C:\Users\Francisco Tavares\AppData\Local\Programs\MiKTeX\tex/latex/listings\ls
tpatch.sty
File: lstpatch.sty 2024/09/23 1.10c (Carsten Heinz)
)
(C:\Users\Francisco Tavares\AppData\Local\Programs\MiKTeX\tex/latex/listings\ls
tmisc.sty
File: lstmisc.sty 2024/09/23 1.10c (Carsten Heinz)
\c@lstnumber=\count383
\lst@skipnumbers=\count384
\lst@framebox=\box89
)
(C:\Users\Francisco Tavares\AppData\Local\Programs\MiKTeX\tex/latex/listings\li
stings.cfg
File: listings.cfg 2024/09/23 1.10c listings configuration
))
Package: listings 2024/09/23 1.10c (Carsten Heinz)

(C:\Users\Francisco Tavares\AppData\Local\Programs\MiKTeX\tex/latex/tcolorbox\t
cblistingscore.code.tex
Library (tcolorbox): 'tcblistingscore.code.tex' version '6.8.0'

(C:\Users\Francisco Tavares\AppData\Local\Programs\MiKTeX\tex/latex/tcolorbox\t
cbprocessing.code.tex
Library (tcolorbox): 'tcbprocessing.code.tex' version '6.8.0'
)
\c@tcblisting=\count385
))
(C:\Users\Francisco Tavares\AppData\Local\Programs\MiKTeX\tex/latex/listingsutf
8\listingsutf8.sty
Package: listingsutf8 2019-12-10 v1.5 Allow UTF-8 in listings input (HO)
))
(C:\Users\Francisco Tavares\AppData\Local\Programs\MiKTeX\tex/latex/tcolorbox\t
cbexternal.code.tex
Library (tcolorbox): 'tcbexternal.code.tex' version '6.8.0'
)
(C:\Users\Francisco Tavares\AppData\Local\Programs\MiKTeX\tex/latex/tcolorbox\t
cbmagazine.code.tex
Library (tcolorbox): 'tcbmagazine.code.tex' version '6.8.0'
)
(C:\Users\Francisco Tavares\AppData\Local\Programs\MiKTeX\tex/latex/tcolorbox\t
cbvignette.code.tex
Library (tcolorbox): 'tcbvignette.code.tex' version '6.8.0'

(C:\Users\Francisco Tavares\AppData\Local\Programs\MiKTeX\tex/generic/pgf/front
endlayer/tikz/libraries\tikzlibraryfadings.code.tex
File: tikzlibraryfadings.code.tex 2025-08-29 v3.1.11a (3.1.11a)

(C:\Users\Francisco Tavares\AppData\Local\Programs\MiKTeX\tex/generic/pgf/libra
ries\pgflibraryfadings.code.tex
File: pgflibraryfadings.code.tex 2025-08-29 v3.1.11a (3.1.11a)
)))
(C:\Users\Francisco Tavares\AppData\Local\Programs\MiKTeX\tex/latex/tcolorbox\t
cbposter.code.tex
Library (tcolorbox): 'tcbposter.code.tex' version '6.8.0'
))
(C:\Users\Francisco Tavares\AppData\Local\Programs\MiKTeX\tex/latex/fancyhdr\fa
ncyhdr.sty
Package: fancyhdr 2025/02/07 v5.2 Extensive control of page headers and footers

\f@nch@headwidth=\skip70
\f@nch@offset@elh=\skip71
\f@nch@offset@erh=\skip72
\f@nch@offset@olh=\skip73
\f@nch@offset@orh=\skip74
\f@nch@offset@elf=\skip75
\f@nch@offset@erf=\skip76
\f@nch@offset@olf=\skip77
\f@nch@offset@orf=\skip78
\f@nch@height=\skip79
\f@nch@footalignment=\skip80
\f@nch@widthL=\skip81
\f@nch@widthC=\skip82
\f@nch@widthR=\skip83
\@temptokenb=\toks54
)
(C:\Users\Francisco Tavares\AppData\Local\Programs\MiKTeX\tex/latex/svg\svg.sty
Package: svg 2020/11/26 v2.02k (include SVG pictures)

(C:\Users\Francisco Tavares\AppData\Local\Programs\MiKTeX\tex/latex/koma-script
\scrbase.sty
Package: scrbase 2025/09/09 v3.48 KOMA-Script package (KOMA-Script-independent 
basics and keyval usage)

(C:\Users\Francisco Tavares\AppData\Local\Programs\MiKTeX\tex/latex/koma-script
\scrlfile.sty
Package: scrlfile 2025/09/09 v3.48 KOMA-Script package (file load hooks)

(C:\Users\Francisco Tavares\AppData\Local\Programs\MiKTeX\tex/latex/koma-script
\scrlfile-hook.sty
Package: scrlfile-hook 2025/09/09 v3.48 KOMA-Script package (using LaTeX hooks)


(C:\Users\Francisco Tavares\AppData\Local\Programs\MiKTeX\tex/latex/koma-script
\scrlogo.sty
Package: scrlogo 2025/09/09 v3.48 KOMA-Script package (logo)
)))
Applying: [2021/05/01] Usage of raw or classic option list on input line 254.
Already applied: [0000/00/00] Usage of raw or classic option list on input line
 370.
)
(C:\Users\Francisco Tavares\AppData\Local\Programs\MiKTeX\tex/latex/tools\shell
esc.sty
Package: shellesc 2023/07/08 v1.0d unified shell escape interface for LaTeX
Package shellesc Info: Restricted shell escape enabled on input line 77.
)
\c@svg@param@lastpage=\count386
\svg@box=\box90
\c@svg@param@currpage=\count387
)
(C:\Users\Francisco Tavares\AppData\Local\Programs\MiKTeX\tex/latex/transparent
\transparent.sty
Package: transparent 2025-06-23 v1.6 Transparency with color stacks

(C:\Users\Francisco Tavares\AppData\Local\Programs\MiKTeX\tex/latex/transparent
\transparent-nometadata.sty
Package: transparent-nometadata 2025-06-23 v1.6 Transparency via pdfTeX's color
 stack (HO)

(C:\Users\Francisco Tavares\AppData\Local\Programs\MiKTeX\tex/latex/auxhook\aux
hook.sty
Package: auxhook 2019-12-17 v1.6 Hooks for auxiliary files (HO)
)))
(C:\Users\Francisco Tavares\AppData\Local\Programs\MiKTeX\tex/latex/pdflscape\p
dflscape.sty
Package: pdflscape 2022-10-27 v0.13 Display of landscape pages in PDF

(C:\Users\Francisco Tavares\AppData\Local\Programs\MiKTeX\tex/latex/pdflscape\p
dflscape-nometadata.sty
Package: pdflscape-nometadata 2022-10-28 v0.13 Display of landscape pages in PD
F (HO)

(C:\Users\Francisco Tavares\AppData\Local\Programs\MiKTeX\tex/latex/graphics\ls
cape.sty
Package: lscape 2020/05/28 v3.02 Landscape Pages (DPC)
)
Package pdflscape Info: Auto-detected driver: pdftex on input line 81.
))
LaTeX Font Info:    Trying to load font information for T1+lmr on input line 18
2.

(C:\Users\Francisco Tavares\AppData\Local\Programs\MiKTeX\tex/latex/lm\t1lmr.fd
File: t1lmr.fd 2015/05/01 v1.6.1 Font defs for Latin Modern
) (main.aux

LaTeX Warning: Label `fig:enter-label' multiply defined.


LaTeX Warning: Label `fig:enter-label' multiply defined.


LaTeX Warning: Label `fig:enter-label' multiply defined.


LaTeX Warning: Label `fig:enter-label' multiply defined.


LaTeX Warning: Label `fig:enter-label' multiply defined.


LaTeX Warning: Label `fig:enter-label' multiply defined.


LaTeX Warning: Label `fig:enter-label' multiply defined.


LaTeX Warning: Label `fig:enter-label' multiply defined.


LaTeX Warning: Label `fig:enter-label' multiply defined.

)
\openout1 = `main.aux'.

LaTeX Font Info:    Checking defaults for OML/cmm/m/it on input line 182.
LaTeX Font Info:    ... okay on input line 182.
LaTeX Font Info:    Checking defaults for OMS/cmsy/m/n on input line 182.
LaTeX Font Info:    ... okay on input line 182.
LaTeX Font Info:    Checking defaults for OT1/cmr/m/n on input line 182.
LaTeX Font Info:    ... okay on input line 182.
LaTeX Font Info:    Checking defaults for T1/cmr/m/n on input line 182.
LaTeX Font Info:    ... okay on input line 182.
LaTeX Font Info:    Checking defaults for TS1/cmr/m/n on input line 182.
LaTeX Font Info:    ... okay on input line 182.
LaTeX Font Info:    Checking defaults for OMX/cmex/m/n on input line 182.
LaTeX Font Info:    ... okay on input line 182.
LaTeX Font Info:    Checking defaults for U/cmr/m/n on input line 182.
LaTeX Font Info:    ... okay on input line 182.
LaTeX Font Info:    Checking defaults for PD1/pdf/m/n on input line 182.
LaTeX Font Info:    ... okay on input line 182.
LaTeX Font Info:    Checking defaults for PU/pdf/m/n on input line 182.
LaTeX Font Info:    ... okay on input line 182.

(C:\Users\Francisco Tavares\AppData\Local\Programs\MiKTeX\tex/context/base/mkii
\supp-pdf.mkii
[Loading MPS to PDF converter (version 2006.09.02).]
\scratchcounter=\count388
\scratchdimen=\dimen319
\scratchbox=\box91
\nofMPsegments=\count389
\nofMParguments=\count390
\everyMPshowfont=\toks55
\MPscratchCnt=\count391
\MPscratchDim=\dimen320
\MPnumerator=\count392
\makeMPintoPDFobject=\count393
\everyMPtoPDFconversion=\toks56
)
(C:\Users\Francisco Tavares\AppData\Local\Programs\MiKTeX\tex/latex/epstopdf-pk
g\epstopdf-base.sty
Package: epstopdf-base 2020-01-24 v2.11 Base part for package epstopdf
Package epstopdf-base Info: Redefining graphics rule for `.eps' on input line 4
85.

(C:\Users\Francisco Tavares\AppData\Local\Programs\MiKTeX\tex/latex/00miktex\ep
stopdf-sys.cfg
File: epstopdf-sys.cfg 2021/03/18 v2.0 Configuration of epstopdf for MiKTeX
))
*geometry* driver: auto-detecting
*geometry* detected driver: pdftex
*geometry* verbose mode - [ preamble ] result:
* driver: pdftex
* paper: a4paper
* layout: <same size as paper>
* layoutoffset:(h,v)=(0.0pt,0.0pt)
* modes: twoside 
* h-part:(L,W,R)=(85.35826pt, 455.24411pt, 56.9055pt)
* v-part:(T,H,B)=(71.13188pt, 702.78308pt, 71.13188pt)
* \paperwidth=597.50787pt
* \paperheight=845.04684pt
* \textwidth=455.24411pt
* \textheight=702.78308pt
* \oddsidemargin=13.08827pt
* \evensidemargin=-15.36449pt
* \topmargin=-33.0119pt
* \headheight=16.0pt
* \headsep=19.8738pt
* \topskip=11.0pt
* \footskip=27.46295pt
* \marginparwidth=56.9055pt
* \marginparsep=7.0pt
* \columnsep=10.0pt
* \skip\footins=10.0pt plus 4.0pt minus 2.0pt
* \hoffset=0.0pt
* \voffset=0.0pt
* \mag=1000
* \@twocolumnfalse
* \@twosidetrue
* \@mparswitchtrue
* \@reversemarginfalse
* (1in=72.27pt=25.4mm, 1cm=28.453pt)

Package caption Info: Begin \AtBeginDocument code.
Package caption Info: float package is loaded.
Package caption Info: hyperref package is loaded.
Package caption Info: listings package is loaded.
Package caption Info: End \AtBeginDocument code.
Package hyperref Info: Link coloring ON on input line 182.
(main.out) (main.out)
\@outlinefile=\write4
\openout4 = `main.out'.

\c@lstlisting=\count394


pdfTeX warning: pdflatex (file ./images/cover.pdf): PDF inclusion: found PDF ve
rsion <1.7>, but at most version <1.5> allowed
<images/cover.pdf, id=134, 597.55246pt x 845.07718pt>
File: images/cover.pdf Graphic file (type pdf)
<use images/cover.pdf>
Package pdftex.def Info: images/cover.pdf  used on input line 188.
(pdftex.def)             Requested size: 597.551pt x 845.07512pt.


pdfTeX warning: pdflatex (file ./images/cover.pdf): PDF inclusion: found PDF ve
rsion <1.7>, but at most version <1.5> allowed


pdfTeX warning: pdflatex (file ./images/cover.pdf): PDF inclusion: found PDF ve
rsion <1.7>, but at most version <1.5> allowed
<images/cover.pdf, id=136, page=1, 597.55246pt x 845.07718pt>
File: images/cover.pdf Graphic file (type pdf)
<use images/cover.pdf, page 1>
Package pdftex.def Info: images/cover.pdf , page1 used on input line 188.
(pdftex.def)             Requested size: 597.551pt x 845.07512pt.
File: images/cover.pdf Graphic file (type pdf)
<use images/cover.pdf, page 1>
Package pdftex.def Info: images/cover.pdf , page1 used on input line 188.
(pdftex.def)             Requested size: 597.57834pt x 845.1138pt.
File: images/cover.pdf Graphic file (type pdf)
<use images/cover.pdf, page 1>
Package pdftex.def Info: images/cover.pdf , page1 used on input line 188.
(pdftex.def)             Requested size: 597.57834pt x 845.1138pt.
File: images/cover.pdf Graphic file (type pdf)
<use images/cover.pdf, page 1>
Package pdftex.def Info: images/cover.pdf , page1 used on input line 188.
(pdftex.def)             Requested size: 597.57834pt x 845.1138pt.


File: images/cover.pdf Graphic file (type pdf)
<use images/cover.pdf, page 1>
Package pdftex.def Info: images/cover.pdf , page1 used on input line 188.
(pdftex.def)             Requested size: 597.57834pt x 845.1138pt.
[1



 <./images/cover.pdf>]

pdfTeX warning: pdflatex (file ./images/cover.pdf): PDF inclusion: found PDF ve
rsion <1.7>, but at most version <1.5> allowed
<images/cover.pdf, id=167, page=2, 597.55246pt x 845.07718pt>
File: images/cover.pdf Graphic file (type pdf)
<use images/cover.pdf, page 2>
Package pdftex.def Info: images/cover.pdf , page2 used on input line 188.
(pdftex.def)             Requested size: 597.57834pt x 845.1138pt.
File: images/cover.pdf Graphic file (type pdf)
<use images/cover.pdf, page 2>
Package pdftex.def Info: images/cover.pdf , page2 used on input line 188.
(pdftex.def)             Requested size: 597.57834pt x 845.1138pt.


File: images/cover.pdf Graphic file (type pdf)
<use images/cover.pdf, page 2>
Package pdftex.def Info: images/cover.pdf , page2 used on input line 188.
(pdftex.def)             Requested size: 597.57834pt x 845.1138pt.
[2

 <./images/cover.pdf>] (title_page.tex
<images/UC_logos/UC_V_FundoClaro-negro.png, id=173, 1672.2475pt x 1676.2625pt>
File: images/UC_logos/UC_V_FundoClaro-negro.png Graphic file (type png)
<use images/UC_logos/UC_V_FundoClaro-negro.png>
Package pdftex.def Info: images/UC_logos/UC_V_FundoClaro-negro.png  used on inp
ut line 4.
(pdftex.def)             Requested size: 273.14923pt x 273.80899pt.



pdfTeX warning (ext4): destination with the same identifier (name{page.i}) has 
been already used, duplicate ignored
<to be read again> 
                   \relax 
l.36     \end{center}
                      [1

{C:/Users/Francisco Tavares/AppData/Local/MiKTeX/fonts/map/pdftex/pdftex.map}{C
:/Users/Francisco Tavares/AppData/Local/Programs/MiKTeX/fonts/enc/dvips/lm/lm-e
c.enc} <./images/UC_logos/UC_V_FundoClaro-negro.png>]


pdfTeX warning (ext4): destination with the same identifier (name{page.ii}) has
 been already used, duplicate ignored
<to be read again> 
                   \relax 
l.37 \end{titlepage}
                     [2])
LaTeX Font Info:    Trying to load font information for T1+lmss on input line 1
98.

(C:\Users\Francisco Tavares\AppData\Local\Programs\MiKTeX\tex/latex/lm\t1lmss.f
d
File: t1lmss.fd 2015/05/01 v1.6.1 Font defs for Latin Modern
) (acknowledgements.tex)

[3

]

[4

] (chapters/resumo.tex)

[5]

[6

] (chapters/abstract.tex)

[7]

[8

]
LaTeX Font Info:    Trying to load font information for OT1+lmr on input line 2
22.

(C:\Users\Francisco Tavares\AppData\Local\Programs\MiKTeX\tex/latex/lm\ot1lmr.f
d
File: ot1lmr.fd 2015/05/01 v1.6.1 Font defs for Latin Modern
)
LaTeX Font Info:    Trying to load font information for OML+lmm on input line 2
22.

(C:\Users\Francisco Tavares\AppData\Local\Programs\MiKTeX\tex/latex/lm\omllmm.f
d
File: omllmm.fd 2015/05/01 v1.6.1 Font defs for Latin Modern
)
LaTeX Font Info:    Trying to load font information for OMS+lmsy on input line 
222.

(C:\Users\Francisco Tavares\AppData\Local\Programs\MiKTeX\tex/latex/lm\omslmsy.
fd
File: omslmsy.fd 2015/05/01 v1.6.1 Font defs for Latin Modern
)
LaTeX Font Info:    Trying to load font information for OMX+lmex on input line 
222.

(C:\Users\Francisco Tavares\AppData\Local\Programs\MiKTeX\tex/latex/lm\omxlmex.
fd
File: omxlmex.fd 2015/05/01 v1.6.1 Font defs for Latin Modern
)
LaTeX Font Info:    External font `lmex10' loaded for size
(Font)              <10> on input line 222.
LaTeX Font Info:    External font `lmex10' loaded for size
(Font)              <7> on input line 222.
LaTeX Font Info:    External font `lmex10' loaded for size
(Font)              <5> on input line 222.


[9]

[10

] (main.toc
LaTeX Font Info:    External font `lmex10' loaded for size
(Font)              <10.95> on input line 9.
LaTeX Font Info:    External font `lmex10' loaded for size
(Font)              <8> on input line 9.
LaTeX Font Info:    External font `lmex10' loaded for size
(Font)              <6> on input line 9.
Package acronym Info: Label `acro:SLAM' newly defined as it shall be overridden

although it is yet undefined on input line 15.
Package acronym Info: Label `acro:HPT' newly defined as it shall be overridden
although it is yet undefined on input line 64.


[11])
\tf@toc=\write5
\openout5 = `main.toc'.



[12] (list_acronyms.tex

LaTeX Warning: Hyper reference `acro:DEA' on page xiii undefined on input line 
2.


LaTeX Warning: Hyper reference `acro:DEA' on page xiii undefined on input line 
2.


LaTeX Warning: Hyper reference `acro:EA' on page xiii undefined on input line 9
.


LaTeX Warning: Hyper reference `acro:EA' on page xiii undefined on input line 9
.


LaTeX Warning: Hyper reference `acro:VO' on page xiii undefined on input line 1
0.


LaTeX Warning: Hyper reference `acro:VO' on page xiii undefined on input line 1
0.

)

[13

]

[14

] (main.lof
Package acronym Info: Label `acro:HB' newly defined as it shall be overridden
although it is yet undefined on input line 13.
)
\tf@lof=\write6
\openout6 = `main.lof'.



[15]

[16

] (main.lot)
\tf@lot=\write7
\openout7 = `main.lot'.



[17]

[18

]
Chapter 1.
(chapters/introduction.tex

[1

]
LaTeX Font Info:    Trying to load font information for TS1+lmr on input line 1
7.

(C:\Users\Francisco Tavares\AppData\Local\Programs\MiKTeX\tex/latex/lm\ts1lmr.f
d
File: ts1lmr.fd 2015/05/01 v1.6.1 Font defs for Latin Modern
)
Package acronym Info: Label `acro:RUSTLE' newly defined as it shall be overridd
en
although it is yet undefined on input line 17.
)

[2{C:/Users/Francisco Tavares/AppData/Local/Programs/MiKTeX/fonts/enc/dvips/lm/
lm-ts1.enc}]
Chapter 2.
(chapters/background.tex

Package hyperref Warning: Token not allowed in a PDF string (Unicode):
(hyperref)                removing `\@ac' on input line 3.


LaTeX Warning: Citation `taheri2021slam' on page 3 undefined on input line 5.


LaTeX Warning: Citation `taheri2021slam' on page 3 undefined on input line 6.



[3

]

LaTeX Warning: Citation `chen2018review' on page 4 undefined on input line 21.

<images/VSLAM.png, id=374, 813.0375pt x 315.1775pt>
File: images/VSLAM.png Graphic file (type png)
<use images/VSLAM.png>
Package pdftex.def Info: images/VSLAM.png  used on input line 24.
(pdftex.def)             Requested size: 341.43307pt x 132.3544pt.


[4 <./images/VSLAM.png>]

LaTeX Warning: Citation `lidar_sota' on page 5 undefined on input line 57.

<images/lidar_SLAM.jpg, id=384, 688.5725pt x 387.4475pt>
File: images/lidar_SLAM.jpg Graphic file (type jpg)
<use images/lidar_SLAM.jpg>
Package pdftex.def Info: images/lidar_SLAM.jpg  used on input line 60.
(pdftex.def)             Requested size: 341.43307pt x 192.11522pt.

LaTeX Warning: Citation `lidar_sota' on page 5 undefined on input line 64.

Package acronym Info: Label `acro:ICP' newly defined as it shall be overridden
although it is yet undefined on input line 64.
Package acronym Info: Label `acro:NDT' newly defined as it shall be overridden
although it is yet undefined on input line 64.

LaTeX Warning: Citation `lidar_sota' on page 5 undefined on input line 64.



[5 <./images/lidar_SLAM.jpg>]

LaTeX Warning: Citation `hong2021radar' on page 6 undefined on input line 67.


LaTeX Warning: Citation `radar_slam' on page 6 undefined on input line 67.

Package svg Info: Last page of `./svg-inkscape/radar_slam_svg-tex.pdf' is 1 on 
input line 71.
(svg-inkscape/radar_slam_svg-tex.pdf_tex
<./svg-inkscape/radar_slam_svg-tex.pdf, id=397, page=1, 508.95232pt x 278.66824
pt>
File: ./svg-inkscape/radar_slam_svg-tex.pdf Graphic file (type pdf)
<use ./svg-inkscape/radar_slam_svg-tex.pdf, page 1>
Package pdftex.def Info: ./svg-inkscape/radar_slam_svg-tex.pdf , page1 used on 
input line 56.
(pdftex.def)             Requested size: 295.90588pt x 162.01888pt.
)
Package svg Info: Last page of `./svg-inkscape/multisensor_slam_svg-tex.pdf' is
 1 on input line 81.

(svg-inkscape/multisensor_slam_svg-tex.pdf_tex
<./svg-inkscape/multisensor_slam_svg-tex.pdf, id=401, page=1, 1047.915pt x 498.
86375pt>
File: ./svg-inkscape/multisensor_slam_svg-tex.pdf Graphic file (type pdf)
<use ./svg-inkscape/multisensor_slam_svg-tex.pdf, page 1>
Package pdftex.def Info: ./svg-inkscape/multisensor_slam_svg-tex.pdf , page1 us
ed on input line 56.
(pdftex.def)             Requested size: 341.43307pt x 162.53984pt.
)

LaTeX Warning: `h' float specifier changed to `ht'.


LaTeX Warning: Citation `visual_inertial' on page 6 undefined on input line 88.



LaTeX Warning: Citation `liu2024voxelslamcompleteaccurateversatile' on page 6 u
ndefined on input line 89.



[6 <./svg-inkscape/radar_slam_svg-tex.pdf>]

LaTeX Warning: Citation `liu2023lidarinertialvisualslamloopdetection' on page 7
 undefined on input line 90.



[7{C:/Users/Francisco Tavares/AppData/Local/Programs/MiKTeX/fonts/enc/dvips/lm/
lm-mathit.enc}{C:/Users/Francisco Tavares/AppData/Local/Programs/MiKTeX/fonts/e
nc/dvips/lm/lm-rm.enc}{C:/Users/Francisco Tavares/AppData/Local/Programs/MiKTeX
/fonts/enc/dvips/lm/lm-mathex.enc}{C:/Users/Francisco Tavares/AppData/Local/Pro
grams/MiKTeX/fonts/enc/dvips/lm/lm-mathsy.enc} <./svg-inkscape/multisensor_slam
_svg-tex.pdf>]

LaTeX Warning: Citation `yang2020hyperparameter' on page 8 undefined on input l
ine 119.


LaTeX Warning: Citation `yang2020hyperparameter' on page 8 undefined on input l
ine 119.


LaTeX Warning: Citation `yang2020hyperparameter' on page 8 undefined on input l
ine 119.



[8]
Package svg Info: Last page of `./svg-inkscape/grid_search_svg-tex.pdf' is 1 on
 input line 132.
 (svg-inkscape/grid_search_svg-tex.pdf_tex
<./svg-inkscape/grid_search_svg-tex.pdf, id=445, page=1, 189.70876pt x 175.8570
1pt>
File: ./svg-inkscape/grid_search_svg-tex.pdf Graphic file (type pdf)
<use ./svg-inkscape/grid_search_svg-tex.pdf, page 1>
Package pdftex.def Info: ./svg-inkscape/grid_search_svg-tex.pdf , page1 used on
 input line 56.
(pdftex.def)             Requested size: 227.62206pt x 211.00589pt.
)

LaTeX Warning: Citation `bissuel2020hyper' on page 9 undefined on input line 13
8.


LaTeX Warning: Citation `bergstra2012random' on page 9 undefined on input line 
138.


LaTeX Warning: Citation `bergstra2012random' on page 9 undefined on input line 
138.



[9 <./svg-inkscape/grid_search_svg-tex.pdf>]
Package svg Info: Last page of `./svg-inkscape/random_search_svg-tex.pdf' is 1 
on input line 143.

(svg-inkscape/random_search_svg-tex.pdf_tex
<./svg-inkscape/random_search_svg-tex.pdf, id=461, page=1, 205.96951pt x 181.87
952pt>
File: ./svg-inkscape/random_search_svg-tex.pdf Graphic file (type pdf)
<use ./svg-inkscape/random_search_svg-tex.pdf, page 1>
Package pdftex.def Info: ./svg-inkscape/random_search_svg-tex.pdf , page1 used 
on input line 56.
(pdftex.def)             Requested size: 227.62206pt x 200.99777pt.
)
Package acronym Info: Label `acro:BO' newly defined as it shall be overridden
although it is yet undefined on input line 151.


LaTeX Warning: Citation `mockus1998application' on page 10 undefined on input l
ine 151.

Package svg Info: Last page of `./svg-inkscape/BO_svg-tex.pdf' is 1 on input li
ne 157.
(svg-inkscape/BO_svg-tex.pdf_tex
<./svg-inkscape/BO_svg-tex.pdf, id=464, page=1, 314.37451pt x 76.48575pt>
File: ./svg-inkscape/BO_svg-tex.pdf Graphic file (type pdf)
<use ./svg-inkscape/BO_svg-tex.pdf, page 1>
Package pdftex.def Info: ./svg-inkscape/BO_svg-tex.pdf , page1 used on input li
ne 56.
(pdftex.def)             Requested size: 341.43307pt x 83.076pt.
)

LaTeX Warning: `h' float specifier changed to `ht'.


LaTeX Warning: Citation `elshawi2019automated' on page 10 undefined on input li
ne 164.


LaTeX Warning: Citation `bissuel2020hyper' on page 10 undefined on input line 1
64.



[10 <./svg-inkscape/random_search_svg-tex.pdf>]

LaTeX Warning: Citation `elshawi2019automated' on page 11 undefined on input li
ne 166.


LaTeX Warning: Citation `bissuel2020hyper' on page 11 undefined on input line 1
77.


LaTeX Warning: Citation `kostusiak2019efficiency' on page 11 undefined on input
 line 180.



[11 <./svg-inkscape/BO_svg-tex.pdf>]
Package acronym Info: Label `acro:SA' newly defined as it shall be overridden
although it is yet undefined on input line 184.


LaTeX Warning: Citation `rutenbar1989simulated' on page 12 undefined on input l
ine 184.


LaTeX Warning: Citation `ghasemalizadeh2016review' on page 12 undefined on inpu
t line 185.


LaTeX Warning: Citation `rutenbar1989simulated' on page 12 undefined on input l
ine 185.


LaTeX Warning: Citation `ghasemalizadeh2016review' on page 12 undefined on inpu
t line 191.

Package svg Info: Last page of `./svg-inkscape/SA_svg-tex.pdf' is 1 on input li
ne 196.
(svg-inkscape/SA_svg-tex.pdf_tex
<./svg-inkscape/SA_svg-tex.pdf, id=496, page=1, 298.716pt x 239.09326pt>
File: ./svg-inkscape/SA_svg-tex.pdf Graphic file (type pdf)
<use ./svg-inkscape/SA_svg-tex.pdf, page 1>
Package pdftex.def Info: ./svg-inkscape/SA_svg-tex.pdf , page1 used on input li
ne 56.
(pdftex.def)             Requested size: 182.09486pt x 145.75182pt.
)

LaTeX Warning: `h' float specifier changed to `ht'.

Package acronym Info: Label `acro:SH' newly defined as it shall be overridden
although it is yet undefined on input line 202.

LaTeX Warning: Citation `soper2021greed' on page 12 undefined on input line 202
.


LaTeX Warning: Citation `huang2019survey' on page 12 undefined on input line 20
3.



[12]
Package svg Info: Last page of `./svg-inkscape/SH_svg-tex.pdf' is 1 on input li
ne 208.
 (svg-inkscape/SH_svg-tex.pdf_tex
<./svg-inkscape/SH_svg-tex.pdf, id=512, page=1, 369.17924pt x 233.67299pt>
File: ./svg-inkscape/SH_svg-tex.pdf Graphic file (type pdf)
<use ./svg-inkscape/SH_svg-tex.pdf, page 1>
Package pdftex.def Info: ./svg-inkscape/SH_svg-tex.pdf , page1 used on input li
ne 56.
(pdftex.def)             Requested size: 273.14923pt x 172.89746pt.
)

[13 <./svg-inkscape/SA_svg-tex.pdf> <./svg-inkscape/SH_svg-tex.pdf

pdfTeX warning: pdflatex (file ./svg-inkscape/SH_svg-tex.pdf): PDF inclusion: m
ultiple pdfs with page group included in a single page
>]

LaTeX Warning: Citation `elshawi2019automated' on page 14 undefined on input li
ne 216.


LaTeX Warning: Citation `' on page 14 undefined on input line 216.


LaTeX Warning: Citation `falkner2018bohb' on page 14 undefined on input line 21
9.


LaTeX Warning: Citation `falkner2018bohb' on page 14 undefined on input line 22
0.


LaTeX Warning: Citation `' on page 14 undefined on input line 220.


LaTeX Warning: Citation `falkner2018bohb' on page 14 undefined on input line 22
1.


LaTeX Warning: Citation `falkner2018bohb' on page 14 undefined on input line 22
2.

Package svg Info: Last page of `./svg-inkscape/Hyperband_svg-tex.pdf' is 1 on i
nput line 230.
(svg-inkscape/Hyperband_svg-tex.pdf_tex
<./svg-inkscape/Hyperband_svg-tex.pdf, id=526, page=1, 925.45744pt x 460.72125p
t>
File: ./svg-inkscape/Hyperband_svg-tex.pdf Graphic file (type pdf)
<use ./svg-inkscape/Hyperband_svg-tex.pdf, page 1>
Package pdftex.def Info: ./svg-inkscape/Hyperband_svg-tex.pdf , page1 used on i
nput line 56.
(pdftex.def)             Requested size: 295.90588pt x 147.30727pt.
)

[14 <./svg-inkscape/Hyperband_svg-tex.pdf>]

Package hyperref Warning: Token not allowed in a PDF string (Unicode):
(hyperref)                removing `\@ac' on input line 237.


Package hyperref Warning: Token not allowed in a PDF string (Unicode):
(hyperref)                removing `\@ac' on input line 237.


LaTeX Warning: Citation `ExampleArticle' on page 15 undefined on input line 246
.


LaTeX Warning: Citation `zheng2020feature' on page 15 undefined on input line 2
47.



[15]

LaTeX Warning: Citation `koide2021automatic' on page 16 undefined on input line
 248.


LaTeX Warning: Citation `chen2018visual' on page 16 undefined on input line 248
.


LaTeX Warning: Citation `kostusiak2019efficiency' on page 16 undefined on input
 line 249.



[16]

LaTeX Warning: Citation `zheng2020feature' on page 17 undefined on input line 2
57.


LaTeX Warning: Citation `putra2019parameter' on page 17 undefined on input line
 258.


Underfull \hbox (badness 10000) in paragraph at lines 258--258
[]|\T1/lmr/m/n/10.95 G-mapping
 []


LaTeX Warning: Citation `koide2021automatic' on page 17 undefined on input line
 259.


Underfull \hbox (badness 7963) in paragraph at lines 259--259
[]|\T1/lmr/bx/n/10.95 With data aug-men-ta-tion\T1/lmr/m/n/10.95 , in both
 []


Underfull \hbox (badness 10000) in paragraph at lines 259--259
\T1/lmr/m/n/10.95 tested en-vi-ron-ments, both com-po-
 []


Underfull \hbox (badness 10000) in paragraph at lines 259--259
\T1/lmr/m/n/10.95 nents(translational and ro-ta-tional) of
 []


LaTeX Warning: Citation `kostusiak2019efficiency' on page 17 undefined on input
 line 260.


Underfull \hbox (badness 10000) in paragraph at lines 260--260
[]|\T1/lmr/m/n/10.95 A. Kos-tu-
 []


Underfull \hbox (badness 10000) in paragraph at lines 260--260
\T1/lmr/m/n/10.95 siak and P.
 []


Underfull \hbox (badness 10000) in paragraph at lines 260--260
[]|\T1/lmr/m/n/10.95 RGB-D Vi-sual
 []


LaTeX Warning: Citation `kostusiak2019efficiency' on page 17 undefined on input
 line 261.


Underfull \hbox (badness 10000) in paragraph at lines 261--261
[]|\T1/lmr/m/n/10.95 A. Kos-tu-
 []


Underfull \hbox (badness 10000) in paragraph at lines 261--261
\T1/lmr/m/n/10.95 siak and P.
 []


Underfull \hbox (badness 10000) in paragraph at lines 261--261
[]|\T1/lmr/m/n/10.95 RGB-D Vi-sual
 []

Package acronym Info: Label `acro:PSO' newly defined as it shall be overridden
although it is yet undefined on input line 261.


[17

]

LaTeX Warning: Citation `kostusiak2019efficiency' on page 18 undefined on input
 line 276.

)
No file main.bbl.


[18

]
Appendix A.
(appendix/sample.tex)

[19

] (main.aux)
 ***********
LaTeX2e <2025-06-01> patch level 1
L3 programming layer <2025-08-13>
 ***********


LaTeX Warning: There were undefined references.


LaTeX Warning: There were multiply-defined labels.

Package rerunfilecheck Info: File `main.out' has not changed.
(rerunfilecheck)             Checksum: 606C1A3835E1141EC68C89B6D2442A9A;3723.
 ) 
Here is how much of TeX's memory you used:
 35103 strings out of 468133
 714475 string characters out of 5424868
 1244279 words of memory out of 5000000
 62843 multiletter control sequences out of 15000+600000
 700604 words of font info for 80 fonts, out of 8000000 for 9000
 1141 hyphenation exceptions out of 8191
 117i,17n,121p,1073b,719s stack positions out of 10000i,1000n,20000p,200000b,200000s
<C:/Users/Francisco Tavares/AppData/Local/Programs/MiKTeX/fonts/type1/public/
lm/lmbx10.pfb><C:/Users/Francisco Tavares/AppData/Local/Programs/MiKTeX/fonts/t
ype1/public/lm/lmbx12.pfb><C:/Users/Francisco Tavares/AppData/Local/Programs/Mi
KTeX/fonts/type1/public/lm/lmex10.pfb><C:/Users/Francisco Tavares/AppData/Local
/Programs/MiKTeX/fonts/type1/public/lm/lmmi10.pfb><C:/Users/Francisco Tavares/A
ppData/Local/Programs/MiKTeX/fonts/type1/public/lm/lmmi6.pfb><C:/Users/Francisc
o Tavares/AppData/Local/Programs/MiKTeX/fonts/type1/public/lm/lmmi8.pfb><C:/Use
rs/Francisco Tavares/AppData/Local/Programs/MiKTeX/fonts/type1/public/lm/lmr10.
pfb><C:/Users/Francisco Tavares/AppData/Local/Programs/MiKTeX/fonts/type1/publi
c/lm/lmr12.pfb><C:/Users/Francisco Tavares/AppData/Local/Programs/MiKTeX/fonts/
type1/public/lm/lmr6.pfb><C:/Users/Francisco Tavares/AppData/Local/Programs/MiK
TeX/fonts/type1/public/lm/lmr8.pfb><C:/Users/Francisco Tavares/AppData/Local/Pr
ograms/MiKTeX/fonts/type1/public/lm/lmri10.pfb><C:/Users/Francisco Tavares/AppD
ata/Local/Programs/MiKTeX/fonts/type1/public/lm/lmssbx10.pfb><C:/Users/Francisc
o Tavares/AppData/Local/Programs/MiKTeX/fonts/type1/public/lm/lmsy10.pfb><C:/Us
ers/Francisco Tavares/AppData/Local/Programs/MiKTeX/fonts/type1/public/lm/lmsy8
.pfb>
Output written on main.pdf (39 pages, 3390279 bytes).
PDF statistics:
 699 PDF objects out of 1000 (max. 8388607)
 162 named destinations out of 1000 (max. 500000)
 456 words of extra memory for PDF output out of 10000 (max. 10000000)

